<?xml version="1.0" encoding="UTF-8"?>
<testsuite xmlns:xsi="http://www.w3.org/2001/XMLSchema-instance" xsi:noNamespaceSchemaLocation="https://maven.apache.org/surefire/maven-surefire-plugin/xsd/surefire-test-report-3.0.xsd" version="3.0" name="com.example.PartitionsTest" time="0.095" tests="6" errors="0" skipped="0" failures="0">
  <properties>
[...]
</properties>
  <testcase name="hoare_sortedArray" classname="com.example.PartitionsTest" time="0.033"/>
  <testcase name="lomuto_emptyArray" classname="com.example.PartitionsTest" time="0.006"/>
  <testcase name="hoare_unsortedArray" classname="com.example.PartitionsTest" time="0.005"/>
  <testcase name="lomuto_sortedArray" classname="com.example.PartitionsTest" time="0.003"/>
  <testcase name="lomuto_unsortedArray" classname="com.example.PartitionsTest" time="0.002"/>
  <testcase name="hoare_emptyArray" classname="com.example.PartitionsTest" time="0.002"/>
</testsuite>